[35m[1mScanning dependencies of target _biox_read_generate_messages_check_deps_IMU[0m
[35m[1mScanning dependencies of target std_msgs_generate_messages_cpp[0m
[35m[1mScanning dependencies of target geometry_msgs_generate_messages_cpp[0m
[  0%] Built target geometry_msgs_generate_messages_cpp
[  0%] Built target std_msgs_generate_messages_cpp
[35m[1mScanning dependencies of target _biox_read_generate_messages_check_deps_FSR[0m
[35m[1mScanning dependencies of target geometry_msgs_generate_messages_py[0m
[35m[1mScanning dependencies of target std_msgs_generate_messages_py[0m
[  0%] Built target geometry_msgs_generate_messages_py
[  0%] Built target _biox_read_generate_messages_check_deps_IMU
[  0%] Built target std_msgs_generate_messages_py
[35m[1mScanning dependencies of target geometry_msgs_generate_messages_nodejs[0m
[35m[1mScanning dependencies of target std_msgs_generate_messages_nodejs[0m
[  0%] Built target std_msgs_generate_messages_nodejs
[  0%] Built target geometry_msgs_generate_messages_nodejs
[35m[1mScanning dependencies of target std_msgs_generate_messages_eus[0m
[35m[1mScanning dependencies of target geometry_msgs_generate_messages_eus[0m
[  0%] Built target _biox_read_generate_messages_check_deps_FSR
[35m[1mScanning dependencies of target geometry_msgs_generate_messages_lisp[0m
[  0%] Built target std_msgs_generate_messages_eus
[35m[1mScanning dependencies of target std_msgs_generate_messages_lisp[0m
[  0%] Built target geometry_msgs_generate_messages_eus
[  0%] Built target geometry_msgs_generate_messages_lisp
[  0%] Built target std_msgs_generate_messages_lisp
[35m[1mScanning dependencies of target biox_read_generate_messages_cpp[0m
[35m[1mScanning dependencies of target biox_read_generate_messages_py[0m
[35m[1mScanning dependencies of target biox_read_generate_messages_nodejs[0m
[  8%] [34m[1mGenerating Python from MSG biox_read/FSR[0m
[35m[1mScanning dependencies of target biox_read_generate_messages_eus[0m
[ 16%] [34m[1mGenerating Javascript code from biox_read/FSR.msg[0m
[ 25%] [34m[1mGenerating C++ code from biox_read/FSR.msg[0m
[ 33%] [34m[1mGenerating EusLisp code from biox_read/FSR.msg[0m
[ 41%] [34m[1mGenerating Javascript code from biox_read/IMU.msg[0m
[ 50%] [34m[1mGenerating EusLisp code from biox_read/IMU.msg[0m
[ 50%] Built target biox_read_generate_messages_nodejs
[35m[1mScanning dependencies of target biox_read_generate_messages_lisp[0m
[ 58%] [34m[1mGenerating Lisp code from biox_read/FSR.msg[0m
[ 66%] [34m[1mGenerating EusLisp manifest code for biox_read[0m
[ 75%] [34m[1mGenerating C++ code from biox_read/IMU.msg[0m
[ 83%] [34m[1mGenerating Python from MSG biox_read/IMU[0m
[ 91%] [34m[1mGenerating Lisp code from biox_read/IMU.msg[0m
[ 91%] Built target biox_read_generate_messages_lisp
[ 91%] Built target biox_read_generate_messages_cpp
[100%] [34m[1mGenerating Python msg __init__.py for biox_read[0m
[100%] Built target biox_read_generate_messages_py
[100%] Built target biox_read_generate_messages_eus
[35m[1mScanning dependencies of target biox_read_generate_messages[0m
[100%] Built target biox_read_generate_messages
