Symlinking /home/martin/Documents/repositories/firmware/biox_ws/devel/lib/pkgconfig/biox_read.pc
Symlinking /home/martin/Documents/repositories/firmware/biox_ws/devel/lib/biox_read/visualization.py
Symlinking /home/martin/Documents/repositories/firmware/biox_ws/devel/lib/biox_read/data_stream.py
Symlinking /home/martin/Documents/repositories/firmware/biox_ws/devel/lib/biox_read/cmake.lock
Symlinking /home/martin/Documents/repositories/firmware/biox_ws/devel/lib/python3/dist-packages/biox_read/__init__.py
Symlinking /home/martin/Documents/repositories/firmware/biox_ws/devel/lib/python3/dist-packages/biox_read/msg/__init__.py
Symlinking /home/martin/Documents/repositories/firmware/biox_ws/devel/lib/python3/dist-packages/biox_read/msg/_FSR.py
Symlinking /home/martin/Documents/repositories/firmware/biox_ws/devel/lib/python3/dist-packages/biox_read/msg/_IMU.py
Symlinking /home/martin/Documents/repositories/firmware/biox_ws/devel/share/gennodejs/ros/biox_read/_index.js
Symlinking /home/martin/Documents/repositories/firmware/biox_ws/devel/share/gennodejs/ros/biox_read/msg/FSR.js
Symlinking /home/martin/Documents/repositories/firmware/biox_ws/devel/share/gennodejs/ros/biox_read/msg/IMU.js
Symlinking /home/martin/Documents/repositories/firmware/biox_ws/devel/share/gennodejs/ros/biox_read/msg/_index.js
Symlinking /home/martin/Documents/repositories/firmware/biox_ws/devel/share/common-lisp/ros/biox_read/msg/_package.lisp
Symlinking /home/martin/Documents/repositories/firmware/biox_ws/devel/share/common-lisp/ros/biox_read/msg/IMU.lisp
Symlinking /home/martin/Documents/repositories/firmware/biox_ws/devel/share/common-lisp/ros/biox_read/msg/biox_read-msg.asd
Symlinking /home/martin/Documents/repositories/firmware/biox_ws/devel/share/common-lisp/ros/biox_read/msg/_package_FSR.lisp
Symlinking /home/martin/Documents/repositories/firmware/biox_ws/devel/share/common-lisp/ros/biox_read/msg/_package_IMU.lisp
Symlinking /home/martin/Documents/repositories/firmware/biox_ws/devel/share/common-lisp/ros/biox_read/msg/FSR.lisp
Symlinking /home/martin/Documents/repositories/firmware/biox_ws/devel/share/biox_read/cmake/biox_read-msg-paths.cmake
Symlinking /home/martin/Documents/repositories/firmware/biox_ws/devel/share/biox_read/cmake/biox_readConfig-version.cmake
Symlinking /home/martin/Documents/repositories/firmware/biox_ws/devel/share/biox_read/cmake/biox_read-msg-extras.cmake
Symlinking /home/martin/Documents/repositories/firmware/biox_ws/devel/share/biox_read/cmake/biox_readConfig.cmake
Symlinking /home/martin/Documents/repositories/firmware/biox_ws/devel/share/roseus/ros/biox_read/manifest.l
Symlinking /home/martin/Documents/repositories/firmware/biox_ws/devel/share/roseus/ros/biox_read/msg/FSR.l
Symlinking /home/martin/Documents/repositories/firmware/biox_ws/devel/share/roseus/ros/biox_read/msg/IMU.l
Symlinking /home/martin/Documents/repositories/firmware/biox_ws/devel/include/biox_read/FSR.h
Symlinking /home/martin/Documents/repositories/firmware/biox_ws/devel/include/biox_read/IMU.h
